<?xml version="1.0" encoding="UTF-8"?>
<!-- Generated by org.testng.reporters.JUnitReportReporter -->
<testsuite skipped="0" hostname="Zekeriyas-MacBook-Pro-2.local" name="com.hubspot.tests.HomePageTest" tests="3" failures="0" timestamp="22 Mar 2020 00:01:36 GMT" time="43.408" errors="0">
  <testcase name="verifyHomePageTitle" time="12.766" classname="com.hubspot.tests.HomePageTest"/>
  <testcase name="verifyHomePageHeader" time="13.291" classname="com.hubspot.tests.HomePageTest"/>
  <testcase name="verifyAccountName" time="17.351" classname="com.hubspot.tests.HomePageTest"/>
</testsuite> <!-- com.hubspot.tests.HomePageTest -->
