<?xml version="1.0" encoding="UTF-8"?>
<!-- Generated by org.testng.reporters.JUnitReportReporter -->
<testsuite skipped="0" hostname="Zekeriyas-MacBook-Pro-2.local" name="com.hubspot.tests.LoginPageTest" tests="4" failures="0" timestamp="23 Mar 2020 06:31:40 GMT" time="42.273" errors="0">
  <testcase name="getTitle" time="7.265" classname="com.hubspot.tests.LoginPageTest"/>
  <testcase name="loginTest1" time="11.147" classname="com.hubspot.tests.LoginPageTest"/>
  <testcase name="loginTest2" time="12.949" classname="com.hubspot.tests.LoginPageTest"/>
  <testcase name="loginTest3" time="10.912" classname="com.hubspot.tests.LoginPageTest"/>
</testsuite> <!-- com.hubspot.tests.LoginPageTest -->
